[2025-04-10 01:37:09] Unauthorized access attempt to restricted route: /products/create
[2025-04-10 01:39:18] Unauthorized access attempt to restricted route: /register
[2025-04-10 01:39:21] Unauthorized access attempt to restricted route: /register
[2025-04-10 01:39:59] Unauthorized access attempt to restricted route: /register
[2025-04-10 09:10:47] Unauthorized access attempt to restricted route: /register
[2025-04-23 22:46:30] Unauthorized access attempt to restricted route: /register
[2025-04-23 22:46:46] Unauthorized access attempt to restricted route: /register
[2025-04-23 22:46:55] Unauthorized access attempt to restricted route: /register
[2025-04-23 22:47:01] Unauthorized access attempt to restricted route: /areas/create
[2025-04-23 22:47:44] Unauthorized access attempt to restricted route: /register
[2025-04-23 22:47:57] Unauthorized access attempt to restricted route: /register
[2025-04-24 04:01:37] Unauthorized access attempt to restricted route: /register
[2025-04-24 04:01:39] Unauthorized access attempt to restricted route: /register
[2025-04-24 04:01:42] Unauthorized access attempt to restricted route: /register
[2025-04-24 04:01:46] Unauthorized access attempt to restricted route: /register
[2025-04-24 04:01:57] Unauthorized access attempt to restricted route: /register
[2025-04-24 04:07:11] Unauthorized access attempt to restricted route: /areas/create
[2025-04-24 04:07:15] Unauthorized access attempt to restricted route: /areas/create
[2025-04-24 04:28:21] Unauthorized access attempt to restricted route: /register
[2025-04-24 04:28:57] Unauthorized access attempt to restricted route: /register
[2025-04-24 04:29:45] Unauthorized access attempt to restricted route: /register
[2025-04-24 04:31:22] Unauthorized access attempt to restricted route: /register
[2025-04-24 04:32:31] Unauthorized access attempt to restricted route: /register
[2025-04-24 04:34:16] Unauthorized access attempt to restricted route: /register
[2025-04-24 05:48:39] User logged in: ID 2
[2025-04-24 05:48:57] User logged out: ID 2
